{"contracts/AirdropCentral.sol":{"l":{"84":1,"85":1,"89":2,"90":2,"94":7,"95":7,"107":1,"118":0,"127":0,"137":1,"138":1,"140":1,"141":1,"151":1,"152":1,"154":1,"166":1,"167":1,"168":1,"171":1,"172":1,"182":0,"183":0,"184":0,"186":0,"206":3,"207":3,"209":3,"210":3,"213":3,"216":3,"217":3,"220":3,"221":3,"222":3,"223":3,"226":3,"227":3,"229":3,"241":1,"243":1,"245":1,"246":3,"247":3,"250":0,"251":0,"254":1,"255":1,"268":2,"269":2,"270":2,"272":2,"285":0,"286":0,"287":0,"300":0,"301":0,"303":0,"304":0,"305":0,"307":0,"311":0,"316":0,"319":0,"320":0,"325":0,"338":1,"339":1,"341":1,"343":1,"344":3,"346":3,"350":3,"355":3,"358":3,"360":3,"361":3,"362":3,"368":1,"370":1,"372":1,"376":0,"380":0,"384":3,"385":3},"path":"/Users/pabloruiz55/DocumentsBackup/dapps/AirdropCentral/contracts/AirdropCentral.sol","s":{"1":1,"2":2,"3":7,"4":1,"5":0,"6":0,"7":1,"8":1,"9":1,"10":1,"11":1,"12":1,"13":1,"14":1,"15":1,"16":1,"17":1,"18":1,"19":0,"20":0,"21":0,"22":3,"23":3,"24":3,"25":3,"26":3,"27":3,"28":3,"29":3,"30":3,"31":3,"32":3,"33":3,"34":1,"35":1,"36":1,"37":1,"38":3,"39":3,"40":0,"41":0,"42":1,"43":1,"44":2,"45":2,"46":2,"47":0,"48":0,"49":0,"50":0,"51":0,"52":0,"53":0,"54":0,"55":0,"56":0,"57":0,"58":0,"59":0,"60":1,"61":1,"62":1,"63":1,"64":1,"65":3,"66":3,"67":3,"68":3,"69":3,"70":3,"71":3,"72":3,"73":1,"74":1,"75":1,"76":0,"77":0,"78":3,"79":3},"b":{"1":[1,0],"2":[2,0],"3":[7,0],"4":[1,0],"5":[1,0],"6":[1,0],"7":[1,0],"8":[1,0],"9":[1,0],"10":[0,0],"11":[3,0],"12":[3,0],"13":[3,0],"14":[3,0],"15":[3,0],"16":[1,0],"17":[0,3],"18":[1,0],"19":[2,0],"20":[0,0],"21":[0,0],"22":[0,0],"23":[0,0],"24":[0,0],"25":[1,0],"26":[1,0],"27":[3,0],"28":[3,0],"29":[1,0]},"f":{"1":1,"2":2,"3":7,"4":1,"5":0,"6":0,"7":1,"8":1,"9":1,"10":0,"11":3,"12":1,"13":2,"14":0,"15":0,"16":1,"17":0,"18":0,"19":3},"fnMap":{"1":{"name":"onlyOwner","line":83,"loc":{"start":{"line":83,"column":4},"end":{"line":83,"column":20}}},"2":{"name":"onlyAdmin","line":88,"loc":{"start":{"line":88,"column":4},"end":{"line":88,"column":20}}},"3":{"name":"ifNotPaused","line":93,"loc":{"start":{"line":93,"column":4},"end":{"line":93,"column":22}}},"4":{"name":"AirdropCentral","line":106,"loc":{"start":{"line":106,"column":4},"end":{"line":106,"column":34}}},"5":{"name":"setPaused","line":117,"loc":{"start":{"line":117,"column":4},"end":{"line":117,"column":52}}},"6":{"name":"setAdmin","line":126,"loc":{"start":{"line":126,"column":4},"end":{"line":126,"column":65}}},"7":{"name":"removeFromBlacklist","line":136,"loc":{"start":{"line":136,"column":4},"end":{"line":136,"column":91}}},"8":{"name":"approveSubmission","line":150,"loc":{"start":{"line":150,"column":4},"end":{"line":150,"column":89}}},"9":{"name":"revokeSubmission","line":165,"loc":{"start":{"line":165,"column":4},"end":{"line":165,"column":88}}},"10":{"name":"signupUsersManually","line":181,"loc":{"start":{"line":181,"column":4},"end":{"line":181,"column":62}}},"11":{"name":"airdropTokens","line":205,"loc":{"start":{"line":205,"column":4},"end":{"line":205,"column":119}}},"12":{"name":"returnTokensToAirdropper","line":237,"loc":{"start":{"line":237,"column":4},"end":{"line":237,"column":77}}},"13":{"name":"signUpForAirdrops","line":267,"loc":{"start":{"line":267,"column":4},"end":{"line":267,"column":48}}},"14":{"name":"quitFromAirdrops","line":284,"loc":{"start":{"line":284,"column":4},"end":{"line":284,"column":47}}},"15":{"name":"getTokensAvailableToMe","line":296,"loc":{"start":{"line":296,"column":4},"end":{"line":296,"column":82}}},"16":{"name":"withdrawTokens","line":334,"loc":{"start":{"line":334,"column":4},"end":{"line":334,"column":67}}},"17":{"name":"airdropsCount","line":375,"loc":{"start":{"line":375,"column":4},"end":{"line":375,"column":52}}},"18":{"name":"getAddress","line":379,"loc":{"start":{"line":379,"column":4},"end":{"line":379,"column":52}}},"19":{"name":"airdropHasExpired","line":383,"loc":{"start":{"line":383,"column":4},"end":{"line":383,"column":87}}}},"statementMap":{"1":{"start":{"line":84,"column":8},"end":{"line":84,"column":35}},"2":{"start":{"line":89,"column":8},"end":{"line":89,"column":57}},"3":{"start":{"line":94,"column":8},"end":{"line":94,"column":23}},"4":{"start":{"line":107,"column":8},"end":{"line":107,"column":25}},"5":{"start":{"line":118,"column":8},"end":{"line":118,"column":25}},"6":{"start":{"line":127,"column":8},"end":{"line":127,"column":31}},"7":{"start":{"line":137,"column":8},"end":{"line":137,"column":4491}},"8":{"start":{"line":138,"column":12},"end":{"line":138,"column":51}},"9":{"start":{"line":140,"column":8},"end":{"line":140,"column":4581}},"10":{"start":{"line":141,"column":12},"end":{"line":141,"column":48}},"11":{"start":{"line":151,"column":8},"end":{"line":151,"column":49}},"12":{"start":{"line":152,"column":8},"end":{"line":152,"column":46}},"13":{"start":{"line":154,"column":8},"end":{"line":154,"column":43}},"14":{"start":{"line":166,"column":8},"end":{"line":166,"column":5745}},"15":{"start":{"line":167,"column":12},"end":{"line":167,"column":48}},"16":{"start":{"line":168,"column":12},"end":{"line":168,"column":47}},"17":{"start":{"line":171,"column":8},"end":{"line":171,"column":5898}},"18":{"start":{"line":172,"column":12},"end":{"line":172,"column":50}},"19":{"start":{"line":182,"column":8},"end":{"line":182,"column":56}},"20":{"start":{"line":183,"column":8},"end":{"line":183,"column":39}},"21":{"start":{"line":186,"column":8},"end":{"line":186,"column":31}},"22":{"start":{"line":206,"column":8},"end":{"line":206,"column":45}},"23":{"start":{"line":207,"column":8},"end":{"line":207,"column":48}},"24":{"start":{"line":209,"column":8},"end":{"line":209,"column":51}},"25":{"start":{"line":210,"column":8},"end":{"line":210,"column":71}},"26":{"start":{"line":213,"column":8},"end":{"line":213,"column":95}},"27":{"start":{"line":216,"column":8},"end":{"line":216,"column":77}},"28":{"start":{"line":217,"column":8},"end":{"line":217,"column":78}},"29":{"start":{"line":220,"column":8},"end":{"line":220,"column":104}},"30":{"start":{"line":221,"column":8},"end":{"line":221,"column":199}},"31":{"start":{"line":226,"column":8},"end":{"line":226,"column":76}},"32":{"start":{"line":227,"column":8},"end":{"line":227,"column":67}},"33":{"start":{"line":229,"column":8},"end":{"line":229,"column":110}},"34":{"start":{"line":238,"column":8},"end":{"line":238,"column":45}},"35":{"start":{"line":241,"column":8},"end":{"line":241,"column":51}},"36":{"start":{"line":243,"column":8},"end":{"line":243,"column":30}},"37":{"start":{"line":245,"column":8},"end":{"line":245,"column":9136}},"38":{"start":{"line":246,"column":12},"end":{"line":246,"column":71}},"39":{"start":{"line":247,"column":12},"end":{"line":247,"column":9290}},"40":{"start":{"line":250,"column":16},"end":{"line":250,"column":67}},"41":{"start":{"line":251,"column":16},"end":{"line":251,"column":34}},"42":{"start":{"line":254,"column":8},"end":{"line":254,"column":57}},"43":{"start":{"line":255,"column":8},"end":{"line":255,"column":69}},"44":{"start":{"line":268,"column":8},"end":{"line":268,"column":61}},"45":{"start":{"line":269,"column":8},"end":{"line":269,"column":49}},"46":{"start":{"line":272,"column":8},"end":{"line":272,"column":31}},"47":{"start":{"line":285,"column":8},"end":{"line":285,"column":61}},"48":{"start":{"line":297,"column":8},"end":{"line":297,"column":45}},"49":{"start":{"line":300,"column":8},"end":{"line":300,"column":46}},"50":{"start":{"line":301,"column":8},"end":{"line":301,"column":46}},"51":{"start":{"line":303,"column":8},"end":{"line":303,"column":35}},"52":{"start":{"line":304,"column":8},"end":{"line":304,"column":11550}},"53":{"start":{"line":305,"column":12},"end":{"line":305,"column":71}},"54":{"start":{"line":307,"column":12},"end":{"line":307,"column":76}},"55":{"start":{"line":311,"column":12},"end":{"line":311,"column":11942}},"56":{"start":{"line":316,"column":16},"end":{"line":316,"column":73}},"57":{"start":{"line":319,"column":16},"end":{"line":319,"column":12365}},"58":{"start":{"line":320,"column":20},"end":{"line":320,"column":83}},"59":{"start":{"line":325,"column":8},"end":{"line":325,"column":35}},"60":{"start":{"line":335,"column":8},"end":{"line":335,"column":45}},"61":{"start":{"line":338,"column":8},"end":{"line":338,"column":46}},"62":{"start":{"line":339,"column":8},"end":{"line":339,"column":46}},"63":{"start":{"line":341,"column":8},"end":{"line":341,"column":37}},"64":{"start":{"line":343,"column":8},"end":{"line":343,"column":13379}},"65":{"start":{"line":344,"column":12},"end":{"line":344,"column":71}},"66":{"start":{"line":346,"column":12},"end":{"line":346,"column":76}},"67":{"start":{"line":350,"column":12},"end":{"line":350,"column":13771}},"68":{"start":{"line":355,"column":16},"end":{"line":355,"column":74}},"69":{"start":{"line":358,"column":16},"end":{"line":358,"column":14183}},"70":{"start":{"line":360,"column":20},"end":{"line":360,"column":78}},"71":{"start":{"line":361,"column":20},"end":{"line":361,"column":74}},"72":{"start":{"line":362,"column":20},"end":{"line":362,"column":86}},"73":{"start":{"line":368,"column":8},"end":{"line":368,"column":51}},"74":{"start":{"line":370,"column":8},"end":{"line":370,"column":64}},"75":{"start":{"line":372,"column":8},"end":{"line":372,"column":76}},"76":{"start":{"line":376,"column":8},"end":{"line":376,"column":30}},"77":{"start":{"line":380,"column":6},"end":{"line":380,"column":26}},"78":{"start":{"line":384,"column":8},"end":{"line":384,"column":69}},"79":{"start":{"line":385,"column":8},"end":{"line":385,"column":47}}},"branchMap":{"1":{"line":84,"type":"if","locations":[{"start":{"line":84,"column":8},"end":{"line":84,"column":8}},{"start":{"line":84,"column":8},"end":{"line":84,"column":8}}]},"2":{"line":89,"type":"if","locations":[{"start":{"line":89,"column":8},"end":{"line":89,"column":8}},{"start":{"line":89,"column":8},"end":{"line":89,"column":8}}]},"3":{"line":94,"type":"if","locations":[{"start":{"line":94,"column":8},"end":{"line":94,"column":8}},{"start":{"line":94,"column":8},"end":{"line":94,"column":8}}]},"4":{"line":137,"type":"if","locations":[{"start":{"line":137,"column":8},"end":{"line":137,"column":8}},{"start":{"line":137,"column":8},"end":{"line":137,"column":8}}]},"5":{"line":140,"type":"if","locations":[{"start":{"line":140,"column":8},"end":{"line":140,"column":8}},{"start":{"line":140,"column":8},"end":{"line":140,"column":8}}]},"6":{"line":151,"type":"if","locations":[{"start":{"line":151,"column":8},"end":{"line":151,"column":8}},{"start":{"line":151,"column":8},"end":{"line":151,"column":8}}]},"7":{"line":152,"type":"if","locations":[{"start":{"line":152,"column":8},"end":{"line":152,"column":8}},{"start":{"line":152,"column":8},"end":{"line":152,"column":8}}]},"8":{"line":166,"type":"if","locations":[{"start":{"line":166,"column":8},"end":{"line":166,"column":8}},{"start":{"line":166,"column":8},"end":{"line":166,"column":8}}]},"9":{"line":171,"type":"if","locations":[{"start":{"line":171,"column":8},"end":{"line":171,"column":8}},{"start":{"line":171,"column":8},"end":{"line":171,"column":8}}]},"10":{"line":182,"type":"if","locations":[{"start":{"line":182,"column":8},"end":{"line":182,"column":8}},{"start":{"line":182,"column":8},"end":{"line":182,"column":8}}]},"11":{"line":206,"type":"if","locations":[{"start":{"line":206,"column":8},"end":{"line":206,"column":8}},{"start":{"line":206,"column":8},"end":{"line":206,"column":8}}]},"12":{"line":207,"type":"if","locations":[{"start":{"line":207,"column":8},"end":{"line":207,"column":8}},{"start":{"line":207,"column":8},"end":{"line":207,"column":8}}]},"13":{"line":210,"type":"if","locations":[{"start":{"line":210,"column":8},"end":{"line":210,"column":8}},{"start":{"line":210,"column":8},"end":{"line":210,"column":8}}]},"14":{"line":226,"type":"if","locations":[{"start":{"line":226,"column":8},"end":{"line":226,"column":8}},{"start":{"line":226,"column":8},"end":{"line":226,"column":8}}]},"15":{"line":227,"type":"if","locations":[{"start":{"line":227,"column":8},"end":{"line":227,"column":8}},{"start":{"line":227,"column":8},"end":{"line":227,"column":8}}]},"16":{"line":238,"type":"if","locations":[{"start":{"line":238,"column":8},"end":{"line":238,"column":8}},{"start":{"line":238,"column":8},"end":{"line":238,"column":8}}]},"17":{"line":247,"type":"if","locations":[{"start":{"line":247,"column":12},"end":{"line":247,"column":12}},{"start":{"line":247,"column":12},"end":{"line":247,"column":12}}]},"18":{"line":254,"type":"if","locations":[{"start":{"line":254,"column":8},"end":{"line":254,"column":8}},{"start":{"line":254,"column":8},"end":{"line":254,"column":8}}]},"19":{"line":268,"type":"if","locations":[{"start":{"line":268,"column":8},"end":{"line":268,"column":8}},{"start":{"line":268,"column":8},"end":{"line":268,"column":8}}]},"20":{"line":285,"type":"if","locations":[{"start":{"line":285,"column":8},"end":{"line":285,"column":8}},{"start":{"line":285,"column":8},"end":{"line":285,"column":8}}]},"21":{"line":297,"type":"if","locations":[{"start":{"line":297,"column":8},"end":{"line":297,"column":8}},{"start":{"line":297,"column":8},"end":{"line":297,"column":8}}]},"22":{"line":301,"type":"if","locations":[{"start":{"line":301,"column":8},"end":{"line":301,"column":8}},{"start":{"line":301,"column":8},"end":{"line":301,"column":8}}]},"23":{"line":311,"type":"if","locations":[{"start":{"line":311,"column":12},"end":{"line":311,"column":12}},{"start":{"line":311,"column":12},"end":{"line":311,"column":12}}]},"24":{"line":319,"type":"if","locations":[{"start":{"line":319,"column":16},"end":{"line":319,"column":16}},{"start":{"line":319,"column":16},"end":{"line":319,"column":16}}]},"25":{"line":335,"type":"if","locations":[{"start":{"line":335,"column":8},"end":{"line":335,"column":8}},{"start":{"line":335,"column":8},"end":{"line":335,"column":8}}]},"26":{"line":339,"type":"if","locations":[{"start":{"line":339,"column":8},"end":{"line":339,"column":8}},{"start":{"line":339,"column":8},"end":{"line":339,"column":8}}]},"27":{"line":350,"type":"if","locations":[{"start":{"line":350,"column":12},"end":{"line":350,"column":12}},{"start":{"line":350,"column":12},"end":{"line":350,"column":12}}]},"28":{"line":358,"type":"if","locations":[{"start":{"line":358,"column":16},"end":{"line":358,"column":16}},{"start":{"line":358,"column":16},"end":{"line":358,"column":16}}]},"29":{"line":370,"type":"if","locations":[{"start":{"line":370,"column":8},"end":{"line":370,"column":8}},{"start":{"line":370,"column":8},"end":{"line":370,"column":8}}]}}},"contracts/ERC20Basic.sol":{"l":{"17":2,"18":2,"21":2,"22":2,"23":2,"24":2,"34":6,"35":6,"36":6,"38":6,"39":6,"40":6,"41":6,"42":6,"56":1,"57":1,"58":1,"68":0,"72":6,"76":2,"77":2,"78":2,"79":2,"83":0,"93":6,"94":0,"96":6,"97":6,"98":6,"103":6,"105":6,"109":20,"110":20,"114":11,"115":11,"116":11},"path":"/Users/pabloruiz55/DocumentsBackup/dapps/AirdropCentral/contracts/ERC20Basic.sol","s":{"1":2,"2":2,"3":2,"4":2,"5":2,"6":2,"7":6,"8":6,"9":6,"10":6,"11":6,"12":6,"13":6,"14":6,"15":1,"16":1,"17":1,"18":0,"19":6,"20":2,"21":2,"22":2,"23":2,"24":0,"25":6,"26":0,"27":6,"28":6,"29":6,"30":6,"31":6,"32":20,"33":20,"34":11,"35":11,"36":11},"b":{"1":[2,0],"2":[2,0],"3":[6,0],"4":[6,0],"5":[6,0],"6":[0,6],"7":[6,0],"8":[20,0],"9":[11,0]},"f":{"1":2,"2":6,"3":1,"4":0,"5":6,"6":2,"7":0,"8":6,"9":6,"10":20,"11":11},"fnMap":{"1":{"name":"transfer","line":16,"loc":{"start":{"line":16,"column":2},"end":{"line":16,"column":70}}},"2":{"name":"transferFrom","line":33,"loc":{"start":{"line":33,"column":2},"end":{"line":33,"column":89}}},"3":{"name":"approve","line":55,"loc":{"start":{"line":55,"column":2},"end":{"line":55,"column":74}}},"4":{"name":"allowance","line":67,"loc":{"start":{"line":67,"column":2},"end":{"line":67,"column":84}}},"5":{"name":"balanceOf","line":71,"loc":{"start":{"line":71,"column":2},"end":{"line":71,"column":74}}},"6":{"name":"ERC20Basic","line":75,"loc":{"start":{"line":75,"column":2},"end":{"line":75,"column":58}}},"7":{"name":"getAddress","line":82,"loc":{"start":{"line":82,"column":2},"end":{"line":82,"column":52}}},"8":{"name":"mul","line":92,"loc":{"start":{"line":92,"column":2},"end":{"line":92,"column":68}}},"9":{"name":"div","line":101,"loc":{"start":{"line":101,"column":2},"end":{"line":101,"column":68}}},"10":{"name":"sub","line":108,"loc":{"start":{"line":108,"column":2},"end":{"line":108,"column":68}}},"11":{"name":"add","line":113,"loc":{"start":{"line":113,"column":2},"end":{"line":113,"column":68}}}},"statementMap":{"1":{"start":{"line":17,"column":4},"end":{"line":17,"column":29}},"2":{"start":{"line":18,"column":4},"end":{"line":18,"column":42}},"3":{"start":{"line":21,"column":4},"end":{"line":21,"column":58}},"4":{"start":{"line":22,"column":4},"end":{"line":22,"column":44}},"5":{"start":{"line":23,"column":4},"end":{"line":23,"column":36}},"6":{"start":{"line":24,"column":4},"end":{"line":24,"column":15}},"7":{"start":{"line":34,"column":4},"end":{"line":34,"column":29}},"8":{"start":{"line":35,"column":4},"end":{"line":35,"column":37}},"9":{"start":{"line":36,"column":4},"end":{"line":36,"column":48}},"10":{"start":{"line":38,"column":4},"end":{"line":38,"column":48}},"11":{"start":{"line":39,"column":4},"end":{"line":39,"column":44}},"12":{"start":{"line":40,"column":4},"end":{"line":40,"column":70}},"13":{"start":{"line":41,"column":4},"end":{"line":41,"column":31}},"14":{"start":{"line":42,"column":4},"end":{"line":42,"column":15}},"15":{"start":{"line":56,"column":4},"end":{"line":56,"column":41}},"16":{"start":{"line":57,"column":4},"end":{"line":57,"column":41}},"17":{"start":{"line":58,"column":4},"end":{"line":58,"column":15}},"18":{"start":{"line":68,"column":4},"end":{"line":68,"column":36}},"19":{"start":{"line":72,"column":4},"end":{"line":72,"column":27}},"20":{"start":{"line":76,"column":4},"end":{"line":76,"column":46}},"21":{"start":{"line":77,"column":4},"end":{"line":77,"column":37}},"22":{"start":{"line":78,"column":4},"end":{"line":78,"column":13}},"23":{"start":{"line":79,"column":4},"end":{"line":79,"column":19}},"24":{"start":{"line":83,"column":6},"end":{"line":83,"column":26}},"25":{"start":{"line":93,"column":4},"end":{"line":93,"column":3383}},"26":{"start":{"line":94,"column":6},"end":{"line":94,"column":14}},"27":{"start":{"line":96,"column":4},"end":{"line":96,"column":20}},"28":{"start":{"line":97,"column":4},"end":{"line":97,"column":21}},"29":{"start":{"line":98,"column":4},"end":{"line":98,"column":12}},"30":{"start":{"line":103,"column":4},"end":{"line":103,"column":20}},"31":{"start":{"line":105,"column":4},"end":{"line":105,"column":12}},"32":{"start":{"line":109,"column":4},"end":{"line":109,"column":17}},"33":{"start":{"line":110,"column":4},"end":{"line":110,"column":16}},"34":{"start":{"line":114,"column":4},"end":{"line":114,"column":20}},"35":{"start":{"line":115,"column":4},"end":{"line":115,"column":17}},"36":{"start":{"line":116,"column":4},"end":{"line":116,"column":12}}},"branchMap":{"1":{"line":17,"type":"if","locations":[{"start":{"line":17,"column":4},"end":{"line":17,"column":4}},{"start":{"line":17,"column":4},"end":{"line":17,"column":4}}]},"2":{"line":18,"type":"if","locations":[{"start":{"line":18,"column":4},"end":{"line":18,"column":4}},{"start":{"line":18,"column":4},"end":{"line":18,"column":4}}]},"3":{"line":34,"type":"if","locations":[{"start":{"line":34,"column":4},"end":{"line":34,"column":4}},{"start":{"line":34,"column":4},"end":{"line":34,"column":4}}]},"4":{"line":35,"type":"if","locations":[{"start":{"line":35,"column":4},"end":{"line":35,"column":4}},{"start":{"line":35,"column":4},"end":{"line":35,"column":4}}]},"5":{"line":36,"type":"if","locations":[{"start":{"line":36,"column":4},"end":{"line":36,"column":4}},{"start":{"line":36,"column":4},"end":{"line":36,"column":4}}]},"6":{"line":93,"type":"if","locations":[{"start":{"line":93,"column":4},"end":{"line":93,"column":4}},{"start":{"line":93,"column":4},"end":{"line":93,"column":4}}]},"7":{"line":97,"type":"if","locations":[{"start":{"line":97,"column":4},"end":{"line":97,"column":4}},{"start":{"line":97,"column":4},"end":{"line":97,"column":4}}]},"8":{"line":109,"type":"if","locations":[{"start":{"line":109,"column":4},"end":{"line":109,"column":4}},{"start":{"line":109,"column":4},"end":{"line":109,"column":4}}]},"9":{"line":115,"type":"if","locations":[{"start":{"line":115,"column":4},"end":{"line":115,"column":4}},{"start":{"line":115,"column":4},"end":{"line":115,"column":4}}]}}}}