TN:
SF:/Users/pabloruiz55/DocumentsBackup/dapps/AirdropCentral/contracts/AirdropCentral.sol
FN:83,onlyOwner
FN:88,onlyAdmin
FN:93,ifNotPaused
FN:106,AirdropCentral
FN:117,setPaused
FN:126,setAdmin
FN:136,removeFromBlacklist
FN:150,approveSubmission
FN:165,revokeSubmission
FN:181,signupUsersManually
FN:205,airdropTokens
FN:237,returnTokensToAirdropper
FN:267,signUpForAirdrops
FN:284,quitFromAirdrops
FN:296,getTokensAvailableToMe
FN:334,withdrawTokens
FN:375,airdropsCount
FN:379,getAddress
FN:383,airdropHasExpired
FNF:19
FNH:12
FNDA:1,onlyOwner
FNDA:2,onlyAdmin
FNDA:7,ifNotPaused
FNDA:1,AirdropCentral
FNDA:0,setPaused
FNDA:0,setAdmin
FNDA:1,removeFromBlacklist
FNDA:1,approveSubmission
FNDA:1,revokeSubmission
FNDA:0,signupUsersManually
FNDA:3,airdropTokens
FNDA:1,returnTokensToAirdropper
FNDA:2,signUpForAirdrops
FNDA:0,quitFromAirdrops
FNDA:0,getTokensAvailableToMe
FNDA:1,withdrawTokens
FNDA:0,airdropsCount
FNDA:0,getAddress
FNDA:3,airdropHasExpired
DA:84,1
DA:85,1
DA:89,2
DA:90,2
DA:94,7
DA:95,7
DA:107,1
DA:118,0
DA:127,0
DA:137,1
DA:138,1
DA:140,1
DA:141,1
DA:151,1
DA:152,1
DA:154,1
DA:166,1
DA:167,1
DA:168,1
DA:171,1
DA:172,1
DA:182,0
DA:183,0
DA:184,0
DA:186,0
DA:206,3
DA:207,3
DA:209,3
DA:210,3
DA:213,3
DA:216,3
DA:217,3
DA:220,3
DA:221,3
DA:222,3
DA:223,3
DA:226,3
DA:227,3
DA:229,3
DA:241,1
DA:243,1
DA:245,1
DA:246,3
DA:247,3
DA:250,0
DA:251,0
DA:254,1
DA:255,1
DA:268,2
DA:269,2
DA:270,2
DA:272,2
DA:285,0
DA:286,0
DA:287,0
DA:300,0
DA:301,0
DA:303,0
DA:304,0
DA:305,0
DA:307,0
DA:311,0
DA:316,0
DA:319,0
DA:320,0
DA:325,0
DA:338,1
DA:339,1
DA:341,1
DA:343,1
DA:344,3
DA:346,3
DA:350,3
DA:355,3
DA:358,3
DA:360,3
DA:361,3
DA:362,3
DA:368,1
DA:370,1
DA:372,1
DA:376,0
DA:380,0
DA:384,3
DA:385,3
LF:85
LH:61
BRDA:84,1,0,1
BRDA:84,1,1,0
BRDA:89,2,0,2
BRDA:89,2,1,0
BRDA:94,3,0,7
BRDA:94,3,1,0
BRDA:137,4,0,1
BRDA:137,4,1,0
BRDA:140,5,0,1
BRDA:140,5,1,0
BRDA:151,6,0,1
BRDA:151,6,1,0
BRDA:152,7,0,1
BRDA:152,7,1,0
BRDA:166,8,0,1
BRDA:166,8,1,0
BRDA:171,9,0,1
BRDA:171,9,1,0
BRDA:182,10,0,0
BRDA:182,10,1,0
BRDA:206,11,0,3
BRDA:206,11,1,0
BRDA:207,12,0,3
BRDA:207,12,1,0
BRDA:210,13,0,3
BRDA:210,13,1,0
BRDA:226,14,0,3
BRDA:226,14,1,0
BRDA:227,15,0,3
BRDA:227,15,1,0
BRDA:238,16,0,1
BRDA:238,16,1,0
BRDA:247,17,0,0
BRDA:247,17,1,3
BRDA:254,18,0,1
BRDA:254,18,1,0
BRDA:268,19,0,2
BRDA:268,19,1,0
BRDA:285,20,0,0
BRDA:285,20,1,0
BRDA:297,21,0,0
BRDA:297,21,1,0
BRDA:301,22,0,0
BRDA:301,22,1,0
BRDA:311,23,0,0
BRDA:311,23,1,0
BRDA:319,24,0,0
BRDA:319,24,1,0
BRDA:335,25,0,1
BRDA:335,25,1,0
BRDA:339,26,0,1
BRDA:339,26,1,0
BRDA:350,27,0,3
BRDA:350,27,1,0
BRDA:358,28,0,3
BRDA:358,28,1,0
BRDA:370,29,0,1
BRDA:370,29,1,0
BRF:58
BRH:23
end_of_record
TN:
SF:/Users/pabloruiz55/DocumentsBackup/dapps/AirdropCentral/contracts/ERC20Basic.sol
FN:16,transfer
FN:33,transferFrom
FN:55,approve
FN:67,allowance
FN:71,balanceOf
FN:75,ERC20Basic
FN:82,getAddress
FN:92,mul
FN:101,div
FN:108,sub
FN:113,add
FNF:11
FNH:9
FNDA:2,transfer
FNDA:6,transferFrom
FNDA:1,approve
FNDA:0,allowance
FNDA:6,balanceOf
FNDA:2,ERC20Basic
FNDA:0,getAddress
FNDA:6,mul
FNDA:6,div
FNDA:20,sub
FNDA:11,add
DA:17,2
DA:18,2
DA:21,2
DA:22,2
DA:23,2
DA:24,2
DA:34,6
DA:35,6
DA:36,6
DA:38,6
DA:39,6
DA:40,6
DA:41,6
DA:42,6
DA:56,1
DA:57,1
DA:58,1
DA:68,0
DA:72,6
DA:76,2
DA:77,2
DA:78,2
DA:79,2
DA:83,0
DA:93,6
DA:94,0
DA:96,6
DA:97,6
DA:98,6
DA:103,6
DA:105,6
DA:109,20
DA:110,20
DA:114,11
DA:115,11
DA:116,11
LF:36
LH:33
BRDA:17,1,0,2
BRDA:17,1,1,0
BRDA:18,2,0,2
BRDA:18,2,1,0
BRDA:34,3,0,6
BRDA:34,3,1,0
BRDA:35,4,0,6
BRDA:35,4,1,0
BRDA:36,5,0,6
BRDA:36,5,1,0
BRDA:93,6,0,0
BRDA:93,6,1,6
BRDA:97,7,0,6
BRDA:97,7,1,0
BRDA:109,8,0,20
BRDA:109,8,1,0
BRDA:115,9,0,11
BRDA:115,9,1,0
BRF:18
BRH:9
end_of_record
